[PREINITIALIZATION][SERVER][INFO] Thank you to the Patreon supporters below and others who make CraftTweaker possible!
Ncc1702
Hooley
DreamThorn
Jordan Pineo
Peregrinus11
Jellycraft
Pongo Sapiens
Jonathan McManus
NerdyWhiteGuy
Quaternary
Belathus
Jessie Sims
Lucas
Genryu
Zuniroa
Spencer Gilbert
Ivy_
embeddedt
NickT
If you want to support the mod, checkout https://patreon.com/jaredlll08?s=crtmod

[PREINITIALIZATION][SERVER][INFO] Current loaders after merging: [[preinit]]
[PREINITIALIZATION][SERVER][INFO] Loading scripts for loader with names [preinit]
[PREINITIALIZATION][SERVER][INFO] Completed script loading in: 0ms
[PREINITIALIZATION][SERVER][INFO] Current loaders after merging: [[preinit], [contenttweaker]]
[PREINITIALIZATION][SERVER][INFO] Loading scripts for loader with names [contenttweaker]
[PREINITIALIZATION][SERVER][INFO] Completed script loading in: 0ms
